<?xml version="1.0" encoding="UTF-8"?>
<testsuites name="Regression Test" time="348.445" tests="5" failures="0" errors="0">
   <testsuite name="Regression Test" tests="5" failures="0" errors="0" time="348.445" skipped="0" timestamp="2022-07-02 00:07:15" hostname="LENOVO - DESKTOP-P1TF5B4" id="Test Suites/Facebook/Regression Test">
      <properties>
         <property name="deviceName" value=""/>
         <property name="devicePlatform" value=""/>
         <property name="logFolder" value="C:\\Users\\LENOVO\\Katalon Studio\\Test_login_Facebook\\Reports\\20220702_000653\\Facebook\\Regression Test\\20220702_000653"/>
         <property name="logFiles" value="C:\\Users\\LENOVO\\Katalon Studio\\Test_login_Facebook\\Reports\\20220702_000653\\Facebook\\Regression Test\\20220702_000653\\execution0.log"/>
         <property name="attachments" value="C:\\Users\\LENOVO\\Katalon Studio\\Test_login_Facebook\\Reports\\20220702_000653\\Facebook\\Regression Test\\20220702_000653\\1656695304232.png, C:\\Users\\LENOVO\\Katalon Studio\\Test_login_Facebook\\Reports\\20220702_000653\\Facebook\\Regression Test\\20220702_000653\\1656695376591.png, C:\\Users\\LENOVO\\Katalon Studio\\Test_login_Facebook\\Reports\\20220702_000653\\Facebook\\Regression Test\\20220702_000653\\1656695444695.png, C:\\Users\\LENOVO\\Katalon Studio\\Test_login_Facebook\\Reports\\20220702_000653\\Facebook\\Regression Test\\20220702_000653\\1656695512579.png"/>
         <property name="hostName" value="LENOVO - DESKTOP-P1TF5B4"/>
         <property name="os" value="Windows 10 64bit"/>
         <property name="katalonVersion" value="8.3.5.208"/>
         <property name="browser" value="Chrome 103.0.5060.66"/>
         <property name="hostAddress" value="192.168.191.144"/>
         <property name="sessionId" value="55fd66aa2f57dac61e979e2e811d5c90"/>
         <property name="seleniumVersion" value="3.141.59"/>
         <property name="proxyInformation" value="ProxyInformation { proxyOption=NO_PROXY, proxyServerType=HTTP, username=, password=********, proxyServerAddress=, proxyServerPort=0, executionList=&quot;&quot;, isApplyToDesiredCapabilities=true }"/>
         <property name="platform" value="Windows 10"/>
      </properties>
      <testcase name="Test Cases/Facebook/Login_Email_Invalid" time="67.49" classname="Test Cases/Facebook/Login_Email_Invalid" status="PASSED">
         <system-out><![CDATA[2022-07-02 00:07:16 - [TEST_CASE][PASSED] - Test Cases/Facebook/Login_Email_Invalid: Test Cases/Facebook/Login_Email_Invalid

2022-07-02 00:07:18 - [TEST_STEP][PASSED] - openBrowser(""): Browser is opened with url: ''

2022-07-02 00:07:20 - [MESSAGE][INFO] - Starting 'Chrome' driver

2022-07-02 00:07:20 - [MESSAGE][INFO] - Action delay is set to 0 milliseconds

2022-07-02 00:07:33 - [MESSAGE][PASSED] - Browser is opened with url: ''

2022-07-02 00:07:33 - [TEST_STEP][PASSED] - navigateToUrl("https://id-id.facebook.com/"): Navigate to 'https://id-id.facebook.com/' successfully

2022-07-02 00:07:40 - [MESSAGE][PASSED] - Navigate to 'https://id-id.facebook.com/' successfully

2022-07-02 00:07:40 - [TEST_STEP][PASSED] - setText(findTestObject("Facebook/Notifikasi_Login/input_Facebook Email atau Nomor Telepon"), "rickymaulana444@yahoo.com"): Text 'rickymaulana444@yahoo.com' is set on object 'Object Repository/Facebook/Notifikasi_Login/input_Facebook Email atau Nomor Telepon'

2022-07-02 00:07:43 - [MESSAGE][PASSED] - Text 'rickymaulana444@yahoo.com' is set on object 'Object Repository/Facebook/Notifikasi_Login/input_Facebook Email atau Nomor Telepon'

2022-07-02 00:07:43 - [TEST_STEP][PASSED] - click(findTestObject("Page_action/button_Masuk")): Object: 'Object Repository/Page_action/button_Masuk' is clicked on

2022-07-02 00:08:15 - [MESSAGE][INFO] - Unable to find the element located by 'By.xpath: //button[@id='u_0_5_/o']'. Please recheck the objects properties to make sure the desired element is located. 

2022-07-02 00:08:15 - [MESSAGE][WARNING] - [SELF-HEALING] Failed to find element with id 'Object Repository/Page_action/button_Masuk'. Try using Self-healing.

2022-07-02 00:08:15 - [MESSAGE][WARNING] - [SELF-HEALING] The current locator of test object 'Object Repository/Page_action/button_Masuk' was broken. Propose an alternative one: '(.//*[normalize-space(text()) and normalize-space(.)='Facebook membantu Anda terhubung dan berbagi dengan orang-orang dalam kehidupan Anda.'])[1]/following::button[1]'.

2022-07-02 00:08:16 - [MESSAGE][PASSED] - Object: 'Object Repository/Page_action/button_Masuk' is clicked on

2022-07-02 00:08:16 - [TEST_STEP][PASSED] - click(findTestObject("Object Repository/Facebook/Notifikasi_Login/Email yang Anda masukkan tidak terhubung ke akun. Cari akun Anda dan login")): Object: 'Object Repository/Facebook/Notifikasi_Login/Email yang Anda masukkan tidak terhubung ke akun. Cari akun Anda dan login' is clicked on

2022-07-02 00:08:22 - [MESSAGE][PASSED] - Object: 'Object Repository/Facebook/Notifikasi_Login/Email yang Anda masukkan tidak terhubung ke akun. Cari akun Anda dan login' is clicked on

2022-07-02 00:08:22 - [TEST_STEP][PASSED] - takeScreenshot(): Taking screenshot successfully

2022-07-02 00:08:24 - [MESSAGE][PASSED] - Taking screenshot successfully
[[ATTACHMENT|C:\\Users\\LENOVO\\Katalon Studio\\Test_login_Facebook\\Reports\\20220702_000653\\Facebook\\Regression Test\\20220702_000653\\1656695304232.png]]]]></system-out>
         <system-err><![CDATA[]]></system-err>
      </testcase>
      <testcase name="Test Cases/Facebook/Login_Email_Null" time="75.729" classname="Test Cases/Facebook/Login_Email_Null" status="PASSED">
         <system-out><![CDATA[2022-07-02 00:08:24 - [TEST_CASE][PASSED] - Test Cases/Facebook/Login_Email_Null: Test Cases/Facebook/Login_Email_Null

2022-07-02 00:08:25 - [TEST_STEP][PASSED] - openBrowser(""): Browser is opened with url: ''

2022-07-02 00:08:25 - [MESSAGE][WARNING] - A browser is already opened. Closing browser and opening a new one

2022-07-02 00:08:28 - [MESSAGE][INFO] - Starting 'Chrome' driver

2022-07-02 00:08:28 - [MESSAGE][INFO] - Action delay is set to 0 milliseconds

2022-07-02 00:08:35 - [MESSAGE][PASSED] - Browser is opened with url: ''

2022-07-02 00:08:35 - [TEST_STEP][PASSED] - navigateToUrl("https://id-id.facebook.com/"): Navigate to 'https://id-id.facebook.com/' successfully

2022-07-02 00:08:42 - [MESSAGE][PASSED] - Navigate to 'https://id-id.facebook.com/' successfully

2022-07-02 00:08:42 - [TEST_STEP][PASSED] - click(findTestObject("Facebook/Notifikasi_Login/input_Facebook Email atau Nomor Telepon")): Object: 'Object Repository/Facebook/Notifikasi_Login/input_Facebook Email atau Nomor Telepon' is clicked on

2022-07-02 00:08:43 - [MESSAGE][PASSED] - Object: 'Object Repository/Facebook/Notifikasi_Login/input_Facebook Email atau Nomor Telepon' is clicked on

2022-07-02 00:08:43 - [TEST_STEP][PASSED] - click(findTestObject("Page_action/button_Masuk")): Object: 'Object Repository/Page_action/button_Masuk' is clicked on

2022-07-02 00:09:15 - [MESSAGE][INFO] - Unable to find the element located by 'By.xpath: //button[@id='u_0_5_/o']'. Please recheck the objects properties to make sure the desired element is located. 

2022-07-02 00:09:15 - [MESSAGE][WARNING] - [SELF-HEALING] Failed to find element with id 'Object Repository/Page_action/button_Masuk'. Try using Self-healing.

2022-07-02 00:09:15 - [MESSAGE][WARNING] - [SELF-HEALING] The current locator of test object 'Object Repository/Page_action/button_Masuk' was broken. Propose an alternative one: '(.//*[normalize-space(text()) and normalize-space(.)='Facebook membantu Anda terhubung dan berbagi dengan orang-orang dalam kehidupan Anda.'])[1]/following::button[1]'.

2022-07-02 00:09:16 - [MESSAGE][PASSED] - Object: 'Object Repository/Page_action/button_Masuk' is clicked on

2022-07-02 00:09:16 - [TEST_STEP][PASSED] - click(findTestObject("Object Repository/Facebook/Notifikasi_Login/Email atau nomor ponsel yang Anda masukkan tidak terhubung ke akun. Cari akun Anda dan login")): Object: 'Object Repository/Facebook/Notifikasi_Login/Email atau nomor ponsel yang Anda masukkan tidak terhubung ke akun. Cari akun Anda dan login' is clicked on

2022-07-02 00:09:36 - [MESSAGE][PASSED] - Object: 'Object Repository/Facebook/Notifikasi_Login/Email atau nomor ponsel yang Anda masukkan tidak terhubung ke akun. Cari akun Anda dan login' is clicked on

2022-07-02 00:09:36 - [TEST_STEP][PASSED] - takeScreenshot(): Taking screenshot successfully

2022-07-02 00:09:37 - [MESSAGE][PASSED] - Taking screenshot successfully
[[ATTACHMENT|C:\\Users\\LENOVO\\Katalon Studio\\Test_login_Facebook\\Reports\\20220702_000653\\Facebook\\Regression Test\\20220702_000653\\1656695376591.png]]

2022-07-02 00:09:37 - [TEST_STEP][PASSED] - closeBrowser(): Browser is closed

2022-07-02 00:09:40 - [MESSAGE][PASSED] - Browser is closed]]></system-out>
         <system-err><![CDATA[]]></system-err>
      </testcase>
      <testcase name="Test Cases/Facebook/Login_Password_Invalid" time="66.425" classname="Test Cases/Facebook/Login_Password_Invalid" status="PASSED">
         <system-out><![CDATA[2022-07-02 00:09:40 - [TEST_CASE][PASSED] - Test Cases/Facebook/Login_Password_Invalid: Test Cases/Facebook/Login_Password_Invalid

2022-07-02 00:09:41 - [TEST_STEP][PASSED] - openBrowser(""): Browser is opened with url: ''

2022-07-02 00:09:41 - [MESSAGE][INFO] - Starting 'Chrome' driver

2022-07-02 00:09:41 - [MESSAGE][INFO] - Action delay is set to 0 milliseconds

2022-07-02 00:09:48 - [MESSAGE][PASSED] - Browser is opened with url: ''

2022-07-02 00:09:48 - [TEST_STEP][PASSED] - navigateToUrl("https://id-id.facebook.com/"): Navigate to 'https://id-id.facebook.com/' successfully

2022-07-02 00:09:56 - [MESSAGE][PASSED] - Navigate to 'https://id-id.facebook.com/' successfully

2022-07-02 00:09:56 - [TEST_STEP][PASSED] - setText(findTestObject("Facebook/Notifikasi_Login/input_Facebook Email atau Nomor Telepon"), "rickymaulana44@yahoo.com"): Text 'rickymaulana44@yahoo.com' is set on object 'Object Repository/Facebook/Notifikasi_Login/input_Facebook Email atau Nomor Telepon'

2022-07-02 00:09:58 - [MESSAGE][PASSED] - Text 'rickymaulana44@yahoo.com' is set on object 'Object Repository/Facebook/Notifikasi_Login/input_Facebook Email atau Nomor Telepon'

2022-07-02 00:09:58 - [TEST_STEP][PASSED] - setEncryptedText(findTestObject("Facebook/Notifikasi_Login/input_Facebook Password"), "tzH6RvlfSTg="): Text ****** has been set on object 'Object Repository/Facebook/Notifikasi_Login/input_Facebook Password'

2022-07-02 00:10:00 - [MESSAGE][PASSED] - Text ****** has been set on object 'Object Repository/Facebook/Notifikasi_Login/input_Facebook Password'

2022-07-02 00:10:00 - [TEST_STEP][PASSED] - click(findTestObject("Page_action/button_Masuk")): Object: 'Object Repository/Page_action/button_Masuk' is clicked on

2022-07-02 00:10:32 - [MESSAGE][INFO] - Unable to find the element located by 'By.xpath: //button[@id='u_0_5_/o']'. Please recheck the objects properties to make sure the desired element is located. 

2022-07-02 00:10:32 - [MESSAGE][WARNING] - [SELF-HEALING] Failed to find element with id 'Object Repository/Page_action/button_Masuk'. Try using Self-healing.

2022-07-02 00:10:33 - [MESSAGE][WARNING] - [SELF-HEALING] The current locator of test object 'Object Repository/Page_action/button_Masuk' was broken. Propose an alternative one: '(.//*[normalize-space(text()) and normalize-space(.)='Facebook membantu Anda terhubung dan berbagi dengan orang-orang dalam kehidupan Anda.'])[1]/following::button[1]'.

2022-07-02 00:10:34 - [MESSAGE][PASSED] - Object: 'Object Repository/Page_action/button_Masuk' is clicked on

2022-07-02 00:10:34 - [TEST_STEP][PASSED] - click(findTestObject("Object Repository/Facebook/Notifikasi_Login/Kata sandi yang Anda masukkan salah. Lupa Kata Sandi")): Object: 'Object Repository/Facebook/Notifikasi_Login/Kata sandi yang Anda masukkan salah. Lupa Kata Sandi' is clicked on

2022-07-02 00:10:44 - [MESSAGE][PASSED] - Object: 'Object Repository/Facebook/Notifikasi_Login/Kata sandi yang Anda masukkan salah. Lupa Kata Sandi' is clicked on

2022-07-02 00:10:44 - [TEST_STEP][PASSED] - takeScreenshot(): Taking screenshot successfully

2022-07-02 00:10:44 - [MESSAGE][PASSED] - Taking screenshot successfully
[[ATTACHMENT|C:\\Users\\LENOVO\\Katalon Studio\\Test_login_Facebook\\Reports\\20220702_000653\\Facebook\\Regression Test\\20220702_000653\\1656695444695.png]]

2022-07-02 00:10:44 - [TEST_STEP][PASSED] - closeBrowser(): Browser is closed

2022-07-02 00:10:46 - [MESSAGE][PASSED] - Browser is closed]]></system-out>
         <system-err><![CDATA[]]></system-err>
      </testcase>
      <testcase name="Test Cases/Facebook/Login_Password_Null" time="67.741" classname="Test Cases/Facebook/Login_Password_Null" status="PASSED">
         <system-out><![CDATA[2022-07-02 00:10:46 - [TEST_CASE][PASSED] - Test Cases/Facebook/Login_Password_Null: Test Cases/Facebook/Login_Password_Null

2022-07-02 00:10:48 - [TEST_STEP][PASSED] - openBrowser(""): Browser is opened with url: ''

2022-07-02 00:10:48 - [MESSAGE][INFO] - Starting 'Chrome' driver

2022-07-02 00:10:48 - [MESSAGE][INFO] - Action delay is set to 0 milliseconds

2022-07-02 00:10:55 - [MESSAGE][PASSED] - Browser is opened with url: ''

2022-07-02 00:10:55 - [TEST_STEP][PASSED] - navigateToUrl("https://id-id.facebook.com/"): Navigate to 'https://id-id.facebook.com/' successfully

2022-07-02 00:11:02 - [MESSAGE][PASSED] - Navigate to 'https://id-id.facebook.com/' successfully

2022-07-02 00:11:02 - [TEST_STEP][PASSED] - click(findTestObject("Facebook/Notifikasi_Login/input_Facebook Password")): Object: 'Object Repository/Facebook/Notifikasi_Login/input_Facebook Password' is clicked on

2022-07-02 00:11:02 - [MESSAGE][PASSED] - Object: 'Object Repository/Facebook/Notifikasi_Login/input_Facebook Password' is clicked on

2022-07-02 00:11:02 - [TEST_STEP][PASSED] - click(findTestObject("Page_action/button_Masuk")): Object: 'Object Repository/Page_action/button_Masuk' is clicked on

2022-07-02 00:11:35 - [MESSAGE][INFO] - Unable to find the element located by 'By.xpath: //button[@id='u_0_5_/o']'. Please recheck the objects properties to make sure the desired element is located. 

2022-07-02 00:11:35 - [MESSAGE][WARNING] - [SELF-HEALING] Failed to find element with id 'Object Repository/Page_action/button_Masuk'. Try using Self-healing.

2022-07-02 00:11:36 - [MESSAGE][WARNING] - [SELF-HEALING] The current locator of test object 'Object Repository/Page_action/button_Masuk' was broken. Propose an alternative one: '(.//*[normalize-space(text()) and normalize-space(.)='Facebook membantu Anda terhubung dan berbagi dengan orang-orang dalam kehidupan Anda.'])[1]/following::button[1]'.

2022-07-02 00:11:36 - [MESSAGE][PASSED] - Object: 'Object Repository/Page_action/button_Masuk' is clicked on

2022-07-02 00:11:36 - [TEST_STEP][PASSED] - click(findTestObject("Object Repository/Facebook/Notifikasi_Login/Email atau nomor ponsel yang Anda masukkan tidak terhubung ke akun. Cari akun Anda dan login")): Object: 'Object Repository/Facebook/Notifikasi_Login/Email atau nomor ponsel yang Anda masukkan tidak terhubung ke akun. Cari akun Anda dan login' is clicked on

2022-07-02 00:11:52 - [MESSAGE][PASSED] - Object: 'Object Repository/Facebook/Notifikasi_Login/Email atau nomor ponsel yang Anda masukkan tidak terhubung ke akun. Cari akun Anda dan login' is clicked on

2022-07-02 00:11:52 - [TEST_STEP][PASSED] - takeScreenshot(): Taking screenshot successfully

2022-07-02 00:11:52 - [MESSAGE][PASSED] - Taking screenshot successfully
[[ATTACHMENT|C:\\Users\\LENOVO\\Katalon Studio\\Test_login_Facebook\\Reports\\20220702_000653\\Facebook\\Regression Test\\20220702_000653\\1656695512579.png]]

2022-07-02 00:11:52 - [TEST_STEP][PASSED] - closeBrowser(): Browser is closed

2022-07-02 00:11:54 - [MESSAGE][PASSED] - Browser is closed]]></system-out>
         <system-err><![CDATA[]]></system-err>
      </testcase>
      <testcase name="Test Cases/Facebook/Login_Valid" time="69.579" classname="Test Cases/Facebook/Login_Valid" status="PASSED">
         <system-out><![CDATA[2022-07-02 00:11:54 - [TEST_CASE][PASSED] - Test Cases/Facebook/Login_Valid: Test Cases/Facebook/Login_Valid

2022-07-02 00:11:55 - [TEST_STEP][PASSED] - openBrowser(""): Browser is opened with url: ''

2022-07-02 00:11:55 - [MESSAGE][INFO] - Starting 'Chrome' driver

2022-07-02 00:11:55 - [MESSAGE][INFO] - Action delay is set to 0 milliseconds

2022-07-02 00:12:04 - [MESSAGE][PASSED] - Browser is opened with url: ''

2022-07-02 00:12:04 - [TEST_STEP][PASSED] - navigateToUrl("https://id-id.facebook.com/"): Navigate to 'https://id-id.facebook.com/' successfully

2022-07-02 00:12:12 - [MESSAGE][PASSED] - Navigate to 'https://id-id.facebook.com/' successfully

2022-07-02 00:12:12 - [TEST_STEP][PASSED] - maximizeWindow(): Current window maximized

2022-07-02 00:12:13 - [MESSAGE][PASSED] - Current window maximized

2022-07-02 00:12:13 - [TEST_STEP][PASSED] - setText(findTestObject("Facebook/Notifikasi_Login/input_Facebook Email atau Nomor Telepon"), "rickymaulana44@yahoo.com"): Text 'rickymaulana44@yahoo.com' is set on object 'Object Repository/Facebook/Notifikasi_Login/input_Facebook Email atau Nomor Telepon'

2022-07-02 00:12:15 - [MESSAGE][PASSED] - Text 'rickymaulana44@yahoo.com' is set on object 'Object Repository/Facebook/Notifikasi_Login/input_Facebook Email atau Nomor Telepon'

2022-07-02 00:12:15 - [TEST_STEP][PASSED] - setEncryptedText(findTestObject("Object Repository/Facebook/Notifikasi_Login/input_Facebook Password"), "xjHo8G+RvES5po0PD21SYQ=="): Text ****** has been set on object 'Object Repository/Facebook/Notifikasi_Login/input_Facebook Password'

2022-07-02 00:12:16 - [MESSAGE][PASSED] - Text ****** has been set on object 'Object Repository/Facebook/Notifikasi_Login/input_Facebook Password'

2022-07-02 00:12:16 - [TEST_STEP][PASSED] - click(findTestObject("Page_action/button_Masuk")): Object: 'Object Repository/Page_action/button_Masuk' is clicked on

2022-07-02 00:12:48 - [MESSAGE][INFO] - Unable to find the element located by 'By.xpath: //button[@id='u_0_5_/o']'. Please recheck the objects properties to make sure the desired element is located. 

2022-07-02 00:12:48 - [MESSAGE][WARNING] - [SELF-HEALING] Failed to find element with id 'Object Repository/Page_action/button_Masuk'. Try using Self-healing.

2022-07-02 00:12:48 - [MESSAGE][WARNING] - [SELF-HEALING] The current locator of test object 'Object Repository/Page_action/button_Masuk' was broken. Propose an alternative one: '(.//*[normalize-space(text()) and normalize-space(.)='Facebook membantu Anda terhubung dan berbagi dengan orang-orang dalam kehidupan Anda.'])[1]/following::button[1]'.

2022-07-02 00:13:00 - [MESSAGE][PASSED] - Object: 'Object Repository/Page_action/button_Masuk' is clicked on

2022-07-02 00:13:00 - [TEST_STEP][PASSED] - closeBrowser(): Browser is closed

2022-07-02 00:13:04 - [MESSAGE][PASSED] - Browser is closed]]></system-out>
         <system-err><![CDATA[]]></system-err>
      </testcase>
      <system-out><![CDATA[2022-07-02 00:07:15 - [TEST_SUITE][PASSED] - Regression Test: Test Cases/Facebook/Login_Valid]]></system-out>
      <system-err><![CDATA[]]></system-err>
   </testsuite>
</testsuites>
